16/11/2022 16:38 [DEBUG] Flights are saved to a file
16/11/2022 16:38 [DEBUG] Flights were loaded from file
16/11/2022 16:40 [DEBUG] Flights were loaded from file
16/11/2022 16:44 [DEBUG] flights have been received
16/11/2022 16:45 [DEBUG] Flights were loaded from file
16/11/2022 16:46 [DEBUG] Flights were loaded from file
16/11/2022 16:46 [DEBUG] flights have been received
16/11/2022 16:46 [DEBUG] Flights were loaded from file
16/11/2022 16:46 [DEBUG] Flights have been received
16/11/2022 20:23 [DEBUG] Flights were loaded from file
16/11/2022 20:23 [DEBUG] Flights have been received
16/11/2022 20:25 [DEBUG] Flights were loaded from file
16/11/2022 20:25 [DEBUG] Flights have been received
16/11/2022 20:26 [DEBUG] Flights were loaded from file
16/11/2022 20:26 [DEBUG] Flights have been received
16/11/2022 20:26 [DEBUG] Flights were loaded from file
16/11/2022 20:26 [DEBUG] Flights have been received
16/11/2022 20:31 [DEBUG] Flights were loaded from file
16/11/2022 20:31 [DEBUG] Flights have been received
16/11/2022 20:32 [DEBUG] Flights were loaded from file
16/11/2022 20:39 [DEBUG] Flights were loaded from file
16/11/2022 20:44 [DEBUG] Flights were not loaded from file
16/11/2022 20:44 [DEBUG] Flights are saved to a file
16/11/2022 20:44 [DEBUG] Flights were loaded from file
16/11/2022 20:44 [DEBUG] Flights have been received
16/11/2022 20:44 [DEBUG] Flights were loaded from file
16/11/2022 20:44 [DEBUG] Flights have been received
16/11/2022 20:44 [DEBUG] Flights were loaded from file
16/11/2022 20:44 [DEBUG] Flights have been received
16/11/2022 21:00 [DEBUG] Flights were loaded from file
16/11/2022 21:00 [DEBUG] Flights have been received
16/11/2022 21:18 [DEBUG] Flights were loaded from file
16/11/2022 21:18 [DEBUG] Flights have been received
